# JRE version: OpenJDK Runtime Environment (8.0_222-b10) (build 1.8.0_222-8u222-b10-1ubuntu1~18.04.1-b10)
# Java VM: OpenJDK 64-Bit Server VM (25.222-b10 mixed mode linux-amd64 compressed oops)
Heap:
 PSYoungGen      total 134144K, used 5829K [0x00000000d7180000, 0x00000000dfd80000, 0x0000000100000000)
  eden space 125952K, 0% used [0x00000000d7180000,0x00000000d7180000,0x00000000dec80000)
  from space 8192K, 71% used [0x00000000dec80000,0x00000000df2316d0,0x00000000df480000)
  to   space 7168K, 0% used [0x00000000df480000,0x00000000df480000,0x00000000dfb80000)
 ParOldGen       total 84992K, used 4391K [0x0000000085400000, 0x000000008a700000, 0x00000000d7180000)
  object space 84992K, 5% used [0x0000000085400000,0x0000000085849c08,0x000000008a700000)
 Metaspace       used 20609K, capacity 21162K, committed 21248K, reserved 1067008K
  class space    used 2631K, capacity 2804K, committed 2816K, reserved 1048576K
GC Heap History (10 events):
Event: 0.722 GC heap after
Heap after GC invocations=2 (full 0):
 PSYoungGen      total 36864K, used 5103K [0x00000000d7180000, 0x00000000db980000, 0x0000000100000000)
  eden space 31744K, 0% used [0x00000000d7180000,0x00000000d7180000,0x00000000d9080000)
  from space 5120K, 99% used [0x00000000d9580000,0x00000000d9a7bfa8,0x00000000d9a80000)
  to   space 5120K, 0% used [0x00000000d9080000,0x00000000d9080000,0x00000000d9580000)
 ParOldGen       total 84992K, used 1577K [0x0000000085400000, 0x000000008a700000, 0x00000000d7180000)
  object space 84992K, 1% used [0x0000000085400000,0x000000008558a4f8,0x000000008a700000)
 Metaspace       used 10125K, capacity 10324K, committed 10496K, reserved 1058816K
  class space    used 1200K, capacity 1272K, committed 1280K, reserved 1048576K
}
Event: 0.768 GC heap before
{Heap before GC invocations=3 (full 0):
 PSYoungGen      total 36864K, used 36847K [0x00000000d7180000, 0x00000000db980000, 0x0000000100000000)
  eden space 31744K, 100% used [0x00000000d7180000,0x00000000d9080000,0x00000000d9080000)
  from space 5120K, 99% used [0x00000000d9580000,0x00000000d9a7bfa8,0x00000000d9a80000)
  to   space 5120K, 0% used [0x00000000d9080000,0x00000000d9080000,0x00000000d9580000)
 ParOldGen       total 84992K, used 1577K [0x0000000085400000, 0x000000008a700000, 0x00000000d7180000)
  object space 84992K, 1% used [0x0000000085400000,0x000000008558a4f8,0x000000008a700000)
 Metaspace       used 10479K, capacity 10698K, committed 10880K, reserved 1058816K
  class space    used 1261K, capacity 1352K, committed 1408K, reserved 1048576K
Event: 0.770 GC heap after
Heap after GC invocations=3 (full 0):
 PSYoungGen      total 36864K, used 3087K [0x00000000d7180000, 0x00000000db980000, 0x0000000100000000)
  eden space 31744K, 0% used [0x00000000d7180000,0x00000000d7180000,0x00000000d9080000)
  from space 5120K, 60% used [0x00000000d9080000,0x00000000d9383ce8,0x00000000d9580000)
  to   space 5120K, 0% used [0x00000000db480000,0x00000000db480000,0x00000000db980000)
 ParOldGen       total 84992K, used 1585K [0x0000000085400000, 0x000000008a700000, 0x00000000d7180000)
  object space 84992K, 1% used [0x0000000085400000,0x000000008558c4f8,0x000000008a700000)
 Metaspace       used 10479K, capacity 10698K, committed 10880K, reserved 1058816K
  class space    used 1261K, capacity 1352K, committed 1408K, reserved 1048576K
}
Event: 0.855 GC heap before
{Heap before GC invocations=4 (full 0):
 PSYoungGen      total 36864K, used 34831K [0x00000000d7180000, 0x00000000db980000, 0x0000000100000000)
  eden space 31744K, 100% used [0x00000000d7180000,0x00000000d9080000,0x00000000d9080000)
  from space 5120K, 60% used [0x00000000d9080000,0x00000000d9383ce8,0x00000000d9580000)
  to   space 5120K, 0% used [0x00000000db480000,0x00000000db480000,0x00000000db980000)
 ParOldGen       total 84992K, used 1585K [0x0000000085400000, 0x000000008a700000, 0x00000000d7180000)
  object space 84992K, 1% used [0x0000000085400000,0x000000008558c4f8,0x000000008a700000)
 Metaspace       used 12043K, capacity 12316K, committed 12672K, reserved 1060864K
  class space    used 1463K, capacity 1563K, committed 1664K, reserved 1048576K
Event: 0.858 GC heap after
Heap after GC invocations=4 (full 0):
 PSYoungGen      total 68608K, used 4131K [0x00000000d7180000, 0x00000000db980000, 0x0000000100000000)
  eden space 63488K, 0% used [0x00000000d7180000,0x00000000d7180000,0x00000000daf80000)
  from space 5120K, 80% used [0x00000000db480000,0x00000000db888c10,0x00000000db980000)
  to   space 5120K, 0% used [0x00000000daf80000,0x00000000daf80000,0x00000000db480000)
 ParOldGen       total 84992K, used 1593K [0x0000000085400000, 0x000000008a700000, 0x00000000d7180000)
  object space 84992K, 1% used [0x0000000085400000,0x000000008558e4f8,0x000000008a700000)
 Metaspace       used 12043K, capacity 12316K, committed 12672K, reserved 1060864K
  class space    used 1463K, capacity 1563K, committed 1664K, reserved 1048576K
}
Event: 1.038 GC heap before
{Heap before GC invocations=5 (full 0):
 PSYoungGen      total 68608K, used 67619K [0x00000000d7180000, 0x00000000db980000, 0x0000000100000000)
  eden space 63488K, 100% used [0x00000000d7180000,0x00000000daf80000,0x00000000daf80000)
  from space 5120K, 80% used [0x00000000db480000,0x00000000db888c10,0x00000000db980000)
  to   space 5120K, 0% used [0x00000000daf80000,0x00000000daf80000,0x00000000db480000)
 ParOldGen       total 84992K, used 1593K [0x0000000085400000, 0x000000008a700000, 0x00000000d7180000)
  object space 84992K, 1% used [0x0000000085400000,0x000000008558e4f8,0x000000008a700000)
 Metaspace       used 14217K, capacity 14636K, committed 14720K, reserved 1062912K
  class space    used 1789K, capacity 1915K, committed 1920K, reserved 1048576K
Event: 1.043 GC heap after
Heap after GC invocations=5 (full 0):
 PSYoungGen      total 68608K, used 5100K [0x00000000d7180000, 0x00000000dfb80000, 0x0000000100000000)
  eden space 63488K, 0% used [0x00000000d7180000,0x00000000d7180000,0x00000000daf80000)
  from space 5120K, 99% used [0x00000000daf80000,0x00000000db47b0a0,0x00000000db480000)
  to   space 7168K, 0% used [0x00000000df480000,0x00000000df480000,0x00000000dfb80000)
 ParOldGen       total 84992K, used 1956K [0x0000000085400000, 0x000000008a700000, 0x00000000d7180000)
  object space 84992K, 2% used [0x0000000085400000,0x00000000855e9310,0x000000008a700000)
 Metaspace       used 14217K, capacity 14636K, committed 14720K, reserved 1062912K
  class space    used 1789K, capacity 1915K, committed 1920K, reserved 1048576K
}
Event: 1.194 GC heap before
{Heap before GC invocations=6 (full 0):
 PSYoungGen      total 68608K, used 68588K [0x00000000d7180000, 0x00000000dfb80000, 0x0000000100000000)
  eden space 63488K, 100% used [0x00000000d7180000,0x00000000daf80000,0x00000000daf80000)
  from space 5120K, 99% used [0x00000000daf80000,0x00000000db47b0a0,0x00000000db480000)
  to   space 7168K, 0% used [0x00000000df480000,0x00000000df480000,0x00000000dfb80000)
 ParOldGen       total 84992K, used 1956K [0x0000000085400000, 0x000000008a700000, 0x00000000d7180000)
  object space 84992K, 2% used [0x0000000085400000,0x00000000855e9310,0x000000008a700000)
 Metaspace       used 16616K, capacity 17146K, committed 17536K, reserved 1064960K
  class space    used 2168K, capacity 2314K, committed 2432K, reserved 1048576K
Event: 1.200 GC heap after
Heap after GC invocations=6 (full 0):
 PSYoungGen      total 133120K, used 6808K [0x00000000d7180000, 0x00000000dfd80000, 0x0000000100000000)
  eden space 125952K, 0% used [0x00000000d7180000,0x00000000d7180000,0x00000000dec80000)
  from space 7168K, 94% used [0x00000000df480000,0x00000000dfb26260,0x00000000dfb80000)
  to   space 8192K, 0% used [0x00000000dec80000,0x00000000dec80000,0x00000000df480000)
 ParOldGen       total 84992K, used 1964K [0x0000000085400000, 0x000000008a700000, 0x00000000d7180000)
  object space 84992K, 2% used [0x0000000085400000,0x00000000855eb310,0x000000008a700000)
 Metaspace       used 16616K, capacity 17146K, committed 17536K, reserved 1064960K
  class space    used 2168K, capacity 2314K, committed 2432K, reserved 1048576K
}
Event: 1.402 GC heap before
{Heap before GC invocations=7 (full 0):
 PSYoungGen      total 133120K, used 61207K [0x00000000d7180000, 0x00000000dfd80000, 0x0000000100000000)
  eden space 125952K, 43% used [0x00000000d7180000,0x00000000da69fd50,0x00000000dec80000)
  from space 7168K, 94% used [0x00000000df480000,0x00000000dfb26260,0x00000000dfb80000)
  to   space 8192K, 0% used [0x00000000dec80000,0x00000000dec80000,0x00000000df480000)
 ParOldGen       total 84992K, used 1964K [0x0000000085400000, 0x000000008a700000, 0x00000000d7180000)
  object space 84992K, 2% used [0x0000000085400000,0x00000000855eb310,0x000000008a700000)
 Metaspace       used 20609K, capacity 21162K, committed 21248K, reserved 1067008K
  class space    used 2631K, capacity 2804K, committed 2816K, reserved 1048576K

