# JRE version: OpenJDK Runtime Environment (8.0_222-b10) (build 1.8.0_222-8u222-b10-1ubuntu1~18.04.1-b10)
# Java VM: OpenJDK 64-Bit Server VM (25.222-b10 mixed mode linux-amd64 compressed oops)
Heap:
 PSYoungGen      total 126464K, used 8688K [0x00000000d7180000, 0x00000000df900000, 0x0000000100000000)
  eden space 117760K, 0% used [0x00000000d7180000,0x00000000d7180000,0x00000000de480000)
  from space 8704K, 99% used [0x00000000de800000,0x00000000df07c280,0x00000000df080000)
  to   space 3584K, 0% used [0x00000000df580000,0x00000000df580000,0x00000000df900000)
 ParOldGen       total 48128K, used 10271K [0x0000000085400000, 0x0000000088300000, 0x00000000d7180000)
  object space 48128K, 21% used [0x0000000085400000,0x0000000085e07dc0,0x0000000088300000)
 Metaspace       used 29848K, capacity 30796K, committed 30848K, reserved 1077248K
  class space    used 3759K, capacity 3964K, committed 3968K, reserved 1048576K
GC Heap History (10 events):
Event: 4.080 GC heap after
Heap after GC invocations=3 (full 0):
 PSYoungGen      total 36864K, used 5093K [0x00000000d7180000, 0x00000000db980000, 0x0000000100000000)
  eden space 31744K, 0% used [0x00000000d7180000,0x00000000d7180000,0x00000000d9080000)
  from space 5120K, 99% used [0x00000000d9080000,0x00000000d95794e0,0x00000000d9580000)
  to   space 5120K, 0% used [0x00000000db480000,0x00000000db480000,0x00000000db980000)
 ParOldGen       total 84992K, used 254K [0x0000000085400000, 0x000000008a700000, 0x00000000d7180000)
  object space 84992K, 0% used [0x0000000085400000,0x000000008543fa08,0x000000008a700000)
 Metaspace       used 14865K, capacity 15274K, committed 15616K, reserved 1062912K
  class space    used 1823K, capacity 1943K, committed 2048K, reserved 1048576K
}
Event: 4.196 GC heap before
{Heap before GC invocations=4 (full 0):
 PSYoungGen      total 36864K, used 36837K [0x00000000d7180000, 0x00000000db980000, 0x0000000100000000)
  eden space 31744K, 100% used [0x00000000d7180000,0x00000000d9080000,0x00000000d9080000)
  from space 5120K, 99% used [0x00000000d9080000,0x00000000d95794e0,0x00000000d9580000)
  to   space 5120K, 0% used [0x00000000db480000,0x00000000db480000,0x00000000db980000)
 ParOldGen       total 84992K, used 254K [0x0000000085400000, 0x000000008a700000, 0x00000000d7180000)
  object space 84992K, 0% used [0x0000000085400000,0x000000008543fa08,0x000000008a700000)
 Metaspace       used 16593K, capacity 17032K, committed 17152K, reserved 1064960K
  class space    used 2126K, capacity 2278K, committed 2304K, reserved 1048576K
Event: 4.202 GC heap after
Heap after GC invocations=4 (full 0):
 PSYoungGen      total 68608K, used 5099K [0x00000000d7180000, 0x00000000db980000, 0x0000000100000000)
  eden space 63488K, 0% used [0x00000000d7180000,0x00000000d7180000,0x00000000daf80000)
  from space 5120K, 99% used [0x00000000db480000,0x00000000db97ac60,0x00000000db980000)
  to   space 5120K, 0% used [0x00000000daf80000,0x00000000daf80000,0x00000000db480000)
 ParOldGen       total 84992K, used 770K [0x0000000085400000, 0x000000008a700000, 0x00000000d7180000)
  object space 84992K, 0% used [0x0000000085400000,0x00000000854c0be8,0x000000008a700000)
 Metaspace       used 16593K, capacity 17032K, committed 17152K, reserved 1064960K
  class space    used 2126K, capacity 2278K, committed 2304K, reserved 1048576K
}
Event: 4.431 GC heap before
{Heap before GC invocations=5 (full 0):
 PSYoungGen      total 68608K, used 45860K [0x00000000d7180000, 0x00000000db980000, 0x0000000100000000)
  eden space 63488K, 64% used [0x00000000d7180000,0x00000000d994e408,0x00000000daf80000)
  from space 5120K, 99% used [0x00000000db480000,0x00000000db97ac60,0x00000000db980000)
  to   space 5120K, 0% used [0x00000000daf80000,0x00000000daf80000,0x00000000db480000)
 ParOldGen       total 84992K, used 770K [0x0000000085400000, 0x000000008a700000, 0x00000000d7180000)
  object space 84992K, 0% used [0x0000000085400000,0x00000000854c0be8,0x000000008a700000)
 Metaspace       used 20630K, capacity 21152K, committed 21248K, reserved 1067008K
  class space    used 2581K, capacity 2744K, committed 2816K, reserved 1048576K
Event: 4.443 GC heap after
Heap after GC invocations=5 (full 0):
 PSYoungGen      total 68608K, used 5117K [0x00000000d7180000, 0x00000000dfd80000, 0x0000000100000000)
  eden space 63488K, 0% used [0x00000000d7180000,0x00000000d7180000,0x00000000daf80000)
  from space 5120K, 99% used [0x00000000daf80000,0x00000000db47f5a0,0x00000000db480000)
  to   space 8192K, 0% used [0x00000000df580000,0x00000000df580000,0x00000000dfd80000)
 ParOldGen       total 84992K, used 4131K [0x0000000085400000, 0x000000008a700000, 0x00000000d7180000)
  object space 84992K, 4% used [0x0000000085400000,0x0000000085808f20,0x000000008a700000)
 Metaspace       used 20630K, capacity 21152K, committed 21248K, reserved 1067008K
  class space    used 2581K, capacity 2744K, committed 2816K, reserved 1048576K
}
Event: 4.443 GC heap before
{Heap before GC invocations=6 (full 1):
 PSYoungGen      total 68608K, used 5117K [0x00000000d7180000, 0x00000000dfd80000, 0x0000000100000000)
  eden space 63488K, 0% used [0x00000000d7180000,0x00000000d7180000,0x00000000daf80000)
  from space 5120K, 99% used [0x00000000daf80000,0x00000000db47f5a0,0x00000000db480000)
  to   space 8192K, 0% used [0x00000000df580000,0x00000000df580000,0x00000000dfd80000)
 ParOldGen       total 84992K, used 4131K [0x0000000085400000, 0x000000008a700000, 0x00000000d7180000)
  object space 84992K, 4% used [0x0000000085400000,0x0000000085808f20,0x000000008a700000)
 Metaspace       used 20630K, capacity 21152K, committed 21248K, reserved 1067008K
  class space    used 2581K, capacity 2744K, committed 2816K, reserved 1048576K
Event: 4.470 GC heap after
Heap after GC invocations=6 (full 1):
 PSYoungGen      total 68608K, used 0K [0x00000000d7180000, 0x00000000dfd80000, 0x0000000100000000)
  eden space 63488K, 0% used [0x00000000d7180000,0x00000000d7180000,0x00000000daf80000)
  from space 5120K, 0% used [0x00000000daf80000,0x00000000daf80000,0x00000000db480000)
  to   space 8192K, 0% used [0x00000000df580000,0x00000000df580000,0x00000000dfd80000)
 ParOldGen       total 48128K, used 8233K [0x0000000085400000, 0x0000000088300000, 0x00000000d7180000)
  object space 48128K, 17% used [0x0000000085400000,0x0000000085c0a548,0x0000000088300000)
 Metaspace       used 20630K, capacity 21152K, committed 21248K, reserved 1067008K
  class space    used 2581K, capacity 2744K, committed 2816K, reserved 1048576K
}
Event: 4.757 GC heap before
{Heap before GC invocations=7 (full 1):
 PSYoungGen      total 68608K, used 63488K [0x00000000d7180000, 0x00000000dfd80000, 0x0000000100000000)
  eden space 63488K, 100% used [0x00000000d7180000,0x00000000daf80000,0x00000000daf80000)
  from space 5120K, 0% used [0x00000000daf80000,0x00000000daf80000,0x00000000db480000)
  to   space 8192K, 0% used [0x00000000df580000,0x00000000df580000,0x00000000dfd80000)
 ParOldGen       total 48128K, used 8233K [0x0000000085400000, 0x0000000088300000, 0x00000000d7180000)
  object space 48128K, 17% used [0x0000000085400000,0x0000000085c0a548,0x0000000088300000)
 Metaspace       used 22801K, capacity 23434K, committed 23552K, reserved 1069056K
  class space    used 2879K, capacity 3039K, committed 3072K, reserved 1048576K
Event: 4.772 GC heap after
Heap after GC invocations=7 (full 1):
 PSYoungGen      total 121344K, used 3258K [0x00000000d7180000, 0x00000000df900000, 0x0000000100000000)
  eden space 117760K, 0% used [0x00000000d7180000,0x00000000d7180000,0x00000000de480000)
  from space 3584K, 90% used [0x00000000df580000,0x00000000df8aeb40,0x00000000df900000)
  to   space 8704K, 0% used [0x00000000de800000,0x00000000de800000,0x00000000df080000)
 ParOldGen       total 48128K, used 8241K [0x0000000085400000, 0x0000000088300000, 0x00000000d7180000)
  object space 48128K, 17% used [0x0000000085400000,0x0000000085c0c548,0x0000000088300000)
 Metaspace       used 22801K, capacity 23434K, committed 23552K, reserved 1069056K
  class space    used 2879K, capacity 3039K, committed 3072K, reserved 1048576K
}
Event: 6.647 GC heap before
{Heap before GC invocations=8 (full 1):
 PSYoungGen      total 121344K, used 121018K [0x00000000d7180000, 0x00000000df900000, 0x0000000100000000)
  eden space 117760K, 100% used [0x00000000d7180000,0x00000000de480000,0x00000000de480000)
  from space 3584K, 90% used [0x00000000df580000,0x00000000df8aeb40,0x00000000df900000)
  to   space 8704K, 0% used [0x00000000de800000,0x00000000de800000,0x00000000df080000)
 ParOldGen       total 48128K, used 8241K [0x0000000085400000, 0x0000000088300000, 0x00000000d7180000)
  object space 48128K, 17% used [0x0000000085400000,0x0000000085c0c548,0x0000000088300000)
 Metaspace       used 29848K, capacity 30796K, committed 30848K, reserved 1077248K
  class space    used 3759K, capacity 3964K, committed 3968K, reserved 1048576K

