# JRE version: OpenJDK Runtime Environment (8.0_222-b10) (build 1.8.0_222-8u222-b10-1ubuntu1~18.04.1-b10)
# Java VM: OpenJDK 64-Bit Server VM (25.222-b10 mixed mode linux-amd64 compressed oops)
Heap:
 PSYoungGen      total 133632K, used 4793K [0x00000000d7180000, 0x00000000dfd80000, 0x0000000100000000)
  eden space 125440K, 0% used [0x00000000d7180000,0x00000000d7180000,0x00000000dec00000)
  from space 8192K, 58% used [0x00000000dec00000,0x00000000df0ae728,0x00000000df400000)
  to   space 6656K, 0% used [0x00000000df400000,0x00000000df400000,0x00000000dfa80000)
 ParOldGen       total 84992K, used 4817K [0x0000000085400000, 0x000000008a700000, 0x00000000d7180000)
  object space 84992K, 5% used [0x0000000085400000,0x00000000858b44e8,0x000000008a700000)
 Metaspace       used 20639K, capacity 21180K, committed 21248K, reserved 1067008K
  class space    used 2636K, capacity 2783K, committed 2816K, reserved 1048576K
GC Heap History (10 events):
Event: 0.798 GC heap after
Heap after GC invocations=2 (full 0):
 PSYoungGen      total 36864K, used 3445K [0x00000000d7180000, 0x00000000db980000, 0x0000000100000000)
  eden space 31744K, 0% used [0x00000000d7180000,0x00000000d7180000,0x00000000d9080000)
  from space 5120K, 67% used [0x00000000d9580000,0x00000000d98dd728,0x00000000d9a80000)
  to   space 5120K, 0% used [0x00000000d9080000,0x00000000d9080000,0x00000000d9580000)
 ParOldGen       total 84992K, used 24K [0x0000000085400000, 0x000000008a700000, 0x00000000d7180000)
  object space 84992K, 0% used [0x0000000085400000,0x0000000085406000,0x000000008a700000)
 Metaspace       used 10090K, capacity 10324K, committed 10496K, reserved 1058816K
  class space    used 1201K, capacity 1272K, committed 1280K, reserved 1048576K
}
Event: 0.899 GC heap before
{Heap before GC invocations=3 (full 0):
 PSYoungGen      total 36864K, used 35189K [0x00000000d7180000, 0x00000000db980000, 0x0000000100000000)
  eden space 31744K, 100% used [0x00000000d7180000,0x00000000d9080000,0x00000000d9080000)
  from space 5120K, 67% used [0x00000000d9580000,0x00000000d98dd728,0x00000000d9a80000)
  to   space 5120K, 0% used [0x00000000d9080000,0x00000000d9080000,0x00000000d9580000)
 ParOldGen       total 84992K, used 24K [0x0000000085400000, 0x000000008a700000, 0x00000000d7180000)
  object space 84992K, 0% used [0x0000000085400000,0x0000000085406000,0x000000008a700000)
 Metaspace       used 10653K, capacity 10866K, committed 11136K, reserved 1058816K
  class space    used 1292K, capacity 1386K, committed 1408K, reserved 1048576K
Event: 0.907 GC heap after
Heap after GC invocations=3 (full 0):
 PSYoungGen      total 36864K, used 5111K [0x00000000d7180000, 0x00000000db980000, 0x0000000100000000)
  eden space 31744K, 0% used [0x00000000d7180000,0x00000000d7180000,0x00000000d9080000)
  from space 5120K, 99% used [0x00000000d9080000,0x00000000d957dfa8,0x00000000d9580000)
  to   space 5120K, 0% used [0x00000000db480000,0x00000000db480000,0x00000000db980000)
 ParOldGen       total 84992K, used 1307K [0x0000000085400000, 0x000000008a700000, 0x00000000d7180000)
  object space 84992K, 1% used [0x0000000085400000,0x0000000085546c60,0x000000008a700000)
 Metaspace       used 10653K, capacity 10866K, committed 11136K, reserved 1058816K
  class space    used 1292K, capacity 1386K, committed 1408K, reserved 1048576K
}
Event: 1.032 GC heap before
{Heap before GC invocations=4 (full 0):
 PSYoungGen      total 36864K, used 36855K [0x00000000d7180000, 0x00000000db980000, 0x0000000100000000)
  eden space 31744K, 100% used [0x00000000d7180000,0x00000000d9080000,0x00000000d9080000)
  from space 5120K, 99% used [0x00000000d9080000,0x00000000d957dfa8,0x00000000d9580000)
  to   space 5120K, 0% used [0x00000000db480000,0x00000000db480000,0x00000000db980000)
 ParOldGen       total 84992K, used 1307K [0x0000000085400000, 0x000000008a700000, 0x00000000d7180000)
  object space 84992K, 1% used [0x0000000085400000,0x0000000085546c60,0x000000008a700000)
 Metaspace       used 12394K, capacity 12610K, committed 12928K, reserved 1060864K
  class space    used 1511K, capacity 1596K, committed 1664K, reserved 1048576K
Event: 1.036 GC heap after
Heap after GC invocations=4 (full 0):
 PSYoungGen      total 68608K, used 4146K [0x00000000d7180000, 0x00000000db980000, 0x0000000100000000)
  eden space 63488K, 0% used [0x00000000d7180000,0x00000000d7180000,0x00000000daf80000)
  from space 5120K, 80% used [0x00000000db480000,0x00000000db88c888,0x00000000db980000)
  to   space 5120K, 0% used [0x00000000daf80000,0x00000000daf80000,0x00000000db480000)
 ParOldGen       total 84992K, used 1315K [0x0000000085400000, 0x000000008a700000, 0x00000000d7180000)
  object space 84992K, 1% used [0x0000000085400000,0x0000000085548c60,0x000000008a700000)
 Metaspace       used 12394K, capacity 12610K, committed 12928K, reserved 1060864K
  class space    used 1511K, capacity 1596K, committed 1664K, reserved 1048576K
}
Event: 1.168 GC heap before
{Heap before GC invocations=5 (full 0):
 PSYoungGen      total 68608K, used 67634K [0x00000000d7180000, 0x00000000db980000, 0x0000000100000000)
  eden space 63488K, 100% used [0x00000000d7180000,0x00000000daf80000,0x00000000daf80000)
  from space 5120K, 80% used [0x00000000db480000,0x00000000db88c888,0x00000000db980000)
  to   space 5120K, 0% used [0x00000000daf80000,0x00000000daf80000,0x00000000db480000)
 ParOldGen       total 84992K, used 1315K [0x0000000085400000, 0x000000008a700000, 0x00000000d7180000)
  object space 84992K, 1% used [0x0000000085400000,0x0000000085548c60,0x000000008a700000)
 Metaspace       used 14607K, capacity 15008K, committed 15104K, reserved 1062912K
  class space    used 1893K, capacity 2019K, committed 2048K, reserved 1048576K
Event: 1.172 GC heap after
Heap after GC invocations=5 (full 0):
 PSYoungGen      total 68608K, used 5092K [0x00000000d7180000, 0x00000000dfa80000, 0x0000000100000000)
  eden space 63488K, 0% used [0x00000000d7180000,0x00000000d7180000,0x00000000daf80000)
  from space 5120K, 99% used [0x00000000daf80000,0x00000000db479008,0x00000000db480000)
  to   space 6656K, 0% used [0x00000000df400000,0x00000000df400000,0x00000000dfa80000)
 ParOldGen       total 84992K, used 1695K [0x0000000085400000, 0x000000008a700000, 0x00000000d7180000)
  object space 84992K, 1% used [0x0000000085400000,0x00000000855a7e10,0x000000008a700000)
 Metaspace       used 14607K, capacity 15008K, committed 15104K, reserved 1062912K
  class space    used 1893K, capacity 2019K, committed 2048K, reserved 1048576K
}
Event: 1.333 GC heap before
{Heap before GC invocations=6 (full 0):
 PSYoungGen      total 68608K, used 68580K [0x00000000d7180000, 0x00000000dfa80000, 0x0000000100000000)
  eden space 63488K, 100% used [0x00000000d7180000,0x00000000daf80000,0x00000000daf80000)
  from space 5120K, 99% used [0x00000000daf80000,0x00000000db479008,0x00000000db480000)
  to   space 6656K, 0% used [0x00000000df400000,0x00000000df400000,0x00000000dfa80000)
 ParOldGen       total 84992K, used 1695K [0x0000000085400000, 0x000000008a700000, 0x00000000d7180000)
  object space 84992K, 1% used [0x0000000085400000,0x00000000855a7e10,0x000000008a700000)
 Metaspace       used 17824K, capacity 18318K, committed 18688K, reserved 1064960K
  class space    used 2295K, capacity 2450K, committed 2560K, reserved 1048576K
Event: 1.339 GC heap after
Heap after GC invocations=6 (full 0):
 PSYoungGen      total 132096K, used 6639K [0x00000000d7180000, 0x00000000dfd80000, 0x0000000100000000)
  eden space 125440K, 0% used [0x00000000d7180000,0x00000000d7180000,0x00000000dec00000)
  from space 6656K, 99% used [0x00000000df400000,0x00000000dfa7bfb0,0x00000000dfa80000)
  to   space 8192K, 0% used [0x00000000dec00000,0x00000000dec00000,0x00000000df400000)
 ParOldGen       total 84992K, used 2539K [0x0000000085400000, 0x000000008a700000, 0x00000000d7180000)
  object space 84992K, 2% used [0x0000000085400000,0x000000008567adc8,0x000000008a700000)
 Metaspace       used 17824K, capacity 18318K, committed 18688K, reserved 1064960K
  class space    used 2295K, capacity 2450K, committed 2560K, reserved 1048576K
}
Event: 1.493 GC heap before
{Heap before GC invocations=7 (full 0):
 PSYoungGen      total 132096K, used 46880K [0x00000000d7180000, 0x00000000dfd80000, 0x0000000100000000)
  eden space 125440K, 32% used [0x00000000d7180000,0x00000000d98cc1b0,0x00000000dec00000)
  from space 6656K, 99% used [0x00000000df400000,0x00000000dfa7bfb0,0x00000000dfa80000)
  to   space 8192K, 0% used [0x00000000dec00000,0x00000000dec00000,0x00000000df400000)
 ParOldGen       total 84992K, used 2539K [0x0000000085400000, 0x000000008a700000, 0x00000000d7180000)
  object space 84992K, 2% used [0x0000000085400000,0x000000008567adc8,0x000000008a700000)
 Metaspace       used 20639K, capacity 21180K, committed 21248K, reserved 1067008K
  class space    used 2636K, capacity 2783K, committed 2816K, reserved 1048576K

