# JRE version: OpenJDK Runtime Environment (8.0_222-b10) (build 1.8.0_222-8u222-b10-1ubuntu1~18.04.1-b10)
# Java VM: OpenJDK 64-Bit Server VM (25.222-b10 mixed mode linux-amd64 compressed oops)
Heap:
 PSYoungGen      total 472064K, used 16225K [0x00000000d7180000, 0x00000000f6980000, 0x0000000100000000)
  eden space 455680K, 0% used [0x00000000d7180000,0x00000000d7180000,0x00000000f2e80000)
  from space 16384K, 99% used [0x00000000f4980000,0x00000000f5958790,0x00000000f5980000)
  to   space 12800K, 0% used [0x00000000f5d00000,0x00000000f5d00000,0x00000000f6980000)
 ParOldGen       total 82432K, used 36589K [0x0000000085400000, 0x000000008a480000, 0x00000000d7180000)
  object space 82432K, 44% used [0x0000000085400000,0x00000000877bb4b8,0x000000008a480000)
 Metaspace       used 55369K, capacity 58116K, committed 58408K, reserved 1099776K
  class space    used 7389K, capacity 7899K, committed 7984K, reserved 1048576K
GC Heap History (10 events):
Event: 2.253 GC heap after
Heap after GC invocations=10 (full 1):
 PSYoungGen      total 258048K, used 9775K [0x00000000d7180000, 0x00000000ed580000, 0x0000000100000000)
  eden space 247808K, 0% used [0x00000000d7180000,0x00000000d7180000,0x00000000e6380000)
  from space 10240K, 95% used [0x00000000e6380000,0x00000000e6d0bfa8,0x00000000e6d80000)
  to   space 11776K, 0% used [0x00000000eca00000,0x00000000eca00000,0x00000000ed580000)
 ParOldGen       total 44544K, used 5094K [0x0000000085400000, 0x0000000087f80000, 0x00000000d7180000)
  object space 44544K, 11% used [0x0000000085400000,0x00000000858f9aa8,0x0000000087f80000)
 Metaspace       used 25042K, capacity 26066K, committed 26416K, reserved 1073152K
  class space    used 3301K, capacity 3535K, committed 3632K, reserved 1048576K
}
Event: 3.115 GC heap before
{Heap before GC invocations=11 (full 1):
 PSYoungGen      total 258048K, used 257583K [0x00000000d7180000, 0x00000000ed580000, 0x0000000100000000)
  eden space 247808K, 100% used [0x00000000d7180000,0x00000000e6380000,0x00000000e6380000)
  from space 10240K, 95% used [0x00000000e6380000,0x00000000e6d0bfa8,0x00000000e6d80000)
  to   space 11776K, 0% used [0x00000000eca00000,0x00000000eca00000,0x00000000ed580000)
 ParOldGen       total 44544K, used 5094K [0x0000000085400000, 0x0000000087f80000, 0x00000000d7180000)
  object space 44544K, 11% used [0x0000000085400000,0x00000000858f9aa8,0x0000000087f80000)
 Metaspace       used 28777K, capacity 30000K, committed 30256K, reserved 1075200K
  class space    used 3840K, capacity 4088K, committed 4144K, reserved 1048576K
Event: 3.143 GC heap after
Heap after GC invocations=11 (full 1):
 PSYoungGen      total 352256K, used 8817K [0x00000000d7180000, 0x00000000eec80000, 0x0000000100000000)
  eden space 340480K, 0% used [0x00000000d7180000,0x00000000d7180000,0x00000000ebe00000)
  from space 11776K, 74% used [0x00000000eca00000,0x00000000ed29c608,0x00000000ed580000)
  to   space 12288K, 0% used [0x00000000ebe00000,0x00000000ebe00000,0x00000000eca00000)
 ParOldGen       total 44544K, used 11374K [0x0000000085400000, 0x0000000087f80000, 0x00000000d7180000)
  object space 44544K, 25% used [0x0000000085400000,0x0000000085f1b850,0x0000000087f80000)
 Metaspace       used 28777K, capacity 30000K, committed 30256K, reserved 1075200K
  class space    used 3840K, capacity 4088K, committed 4144K, reserved 1048576K
}
Event: 4.007 GC heap before
{Heap before GC invocations=12 (full 1):
 PSYoungGen      total 352256K, used 274763K [0x00000000d7180000, 0x00000000eec80000, 0x0000000100000000)
  eden space 340480K, 78% used [0x00000000d7180000,0x00000000e7536668,0x00000000ebe00000)
  from space 11776K, 74% used [0x00000000eca00000,0x00000000ed29c608,0x00000000ed580000)
  to   space 12288K, 0% used [0x00000000ebe00000,0x00000000ebe00000,0x00000000eca00000)
 ParOldGen       total 44544K, used 11374K [0x0000000085400000, 0x0000000087f80000, 0x00000000d7180000)
  object space 44544K, 25% used [0x0000000085400000,0x0000000085f1b850,0x0000000087f80000)
 Metaspace       used 33656K, capacity 35306K, committed 35496K, reserved 1079296K
  class space    used 4416K, capacity 4755K, committed 4784K, reserved 1048576K
Event: 4.019 GC heap after
Heap after GC invocations=12 (full 1):
 PSYoungGen      total 352768K, used 10297K [0x00000000d7180000, 0x00000000f6980000, 0x0000000100000000)
  eden space 340480K, 0% used [0x00000000d7180000,0x00000000d7180000,0x00000000ebe00000)
  from space 12288K, 83% used [0x00000000ebe00000,0x00000000ec80e7e8,0x00000000eca00000)
  to   space 12800K, 0% used [0x00000000f5d00000,0x00000000f5d00000,0x00000000f6980000)
 ParOldGen       total 44544K, used 16759K [0x0000000085400000, 0x0000000087f80000, 0x00000000d7180000)
  object space 44544K, 37% used [0x0000000085400000,0x000000008645dd60,0x0000000087f80000)
 Metaspace       used 33656K, capacity 35306K, committed 35496K, reserved 1079296K
  class space    used 4416K, capacity 4755K, committed 4784K, reserved 1048576K
}
Event: 4.019 GC heap before
{Heap before GC invocations=13 (full 2):
 PSYoungGen      total 352768K, used 10297K [0x00000000d7180000, 0x00000000f6980000, 0x0000000100000000)
  eden space 340480K, 0% used [0x00000000d7180000,0x00000000d7180000,0x00000000ebe00000)
  from space 12288K, 83% used [0x00000000ebe00000,0x00000000ec80e7e8,0x00000000eca00000)
  to   space 12800K, 0% used [0x00000000f5d00000,0x00000000f5d00000,0x00000000f6980000)
 ParOldGen       total 44544K, used 16759K [0x0000000085400000, 0x0000000087f80000, 0x00000000d7180000)
  object space 44544K, 37% used [0x0000000085400000,0x000000008645dd60,0x0000000087f80000)
 Metaspace       used 33656K, capacity 35306K, committed 35496K, reserved 1079296K
  class space    used 4416K, capacity 4755K, committed 4784K, reserved 1048576K
Event: 4.163 GC heap after
Heap after GC invocations=13 (full 2):
 PSYoungGen      total 352768K, used 0K [0x00000000d7180000, 0x00000000f6980000, 0x0000000100000000)
  eden space 340480K, 0% used [0x00000000d7180000,0x00000000d7180000,0x00000000ebe00000)
  from space 12288K, 0% used [0x00000000ebe00000,0x00000000ebe00000,0x00000000eca00000)
  to   space 12800K, 0% used [0x00000000f5d00000,0x00000000f5d00000,0x00000000f6980000)
 ParOldGen       total 82432K, used 25948K [0x0000000085400000, 0x000000008a480000, 0x00000000d7180000)
  object space 82432K, 31% used [0x0000000085400000,0x0000000086d57090,0x000000008a480000)
 Metaspace       used 33656K, capacity 35306K, committed 35496K, reserved 1079296K
  class space    used 4416K, capacity 4755K, committed 4784K, reserved 1048576K
}
Event: 5.531 GC heap before
{Heap before GC invocations=14 (full 2):
 PSYoungGen      total 352768K, used 340480K [0x00000000d7180000, 0x00000000f6980000, 0x0000000100000000)
  eden space 340480K, 100% used [0x00000000d7180000,0x00000000ebe00000,0x00000000ebe00000)
  from space 12288K, 0% used [0x00000000ebe00000,0x00000000ebe00000,0x00000000eca00000)
  to   space 12800K, 0% used [0x00000000f5d00000,0x00000000f5d00000,0x00000000f6980000)
 ParOldGen       total 82432K, used 25948K [0x0000000085400000, 0x000000008a480000, 0x00000000d7180000)
  object space 82432K, 31% used [0x0000000085400000,0x0000000086d57090,0x000000008a480000)
 Metaspace       used 48439K, capacity 50754K, committed 50984K, reserved 1093632K
  class space    used 6427K, capacity 6883K, committed 6960K, reserved 1048576K
Event: 5.551 GC heap after
Heap after GC invocations=14 (full 2):
 PSYoungGen      total 468480K, used 12786K [0x00000000d7180000, 0x00000000f6980000, 0x0000000100000000)
  eden space 455680K, 0% used [0x00000000d7180000,0x00000000d7180000,0x00000000f2e80000)
  from space 12800K, 99% used [0x00000000f5d00000,0x00000000f697cbc8,0x00000000f6980000)
  to   space 16384K, 0% used [0x00000000f4980000,0x00000000f4980000,0x00000000f5980000)
 ParOldGen       total 82432K, used 30538K [0x0000000085400000, 0x000000008a480000, 0x00000000d7180000)
  object space 82432K, 37% used [0x0000000085400000,0x00000000871d2aa8,0x000000008a480000)
 Metaspace       used 48439K, capacity 50754K, committed 50984K, reserved 1093632K
  class space    used 6427K, capacity 6883K, committed 6960K, reserved 1048576K
}
Event: 21.088 GC heap before
{Heap before GC invocations=15 (full 2):
 PSYoungGen      total 468480K, used 468466K [0x00000000d7180000, 0x00000000f6980000, 0x0000000100000000)
  eden space 455680K, 100% used [0x00000000d7180000,0x00000000f2e80000,0x00000000f2e80000)
  from space 12800K, 99% used [0x00000000f5d00000,0x00000000f697cbc8,0x00000000f6980000)
  to   space 16384K, 0% used [0x00000000f4980000,0x00000000f4980000,0x00000000f5980000)
 ParOldGen       total 82432K, used 30538K [0x0000000085400000, 0x000000008a480000, 0x00000000d7180000)
  object space 82432K, 37% used [0x0000000085400000,0x00000000871d2aa8,0x000000008a480000)
 Metaspace       used 55369K, capacity 58116K, committed 58408K, reserved 1099776K
  class space    used 7389K, capacity 7899K, committed 7984K, reserved 1048576K

