# JRE version: OpenJDK Runtime Environment (8.0_222-b10) (build 1.8.0_222-8u222-b10-1ubuntu1~18.04.1-b10)
# Java VM: OpenJDK 64-Bit Server VM (25.222-b10 mixed mode linux-amd64 compressed oops)
Heap:
 PSYoungGen      total 230912K, used 11247K [0x00000000d7180000, 0x00000000e5e00000, 0x0000000100000000)
  eden space 219648K, 0% used [0x00000000d7180000,0x00000000d7180000,0x00000000e4800000)
  from space 11264K, 99% used [0x00000000e4800000,0x00000000e52fbc50,0x00000000e5300000)
  to   space 9216K, 0% used [0x00000000e5500000,0x00000000e5500000,0x00000000e5e00000)
 ParOldGen       total 49664K, used 9756K [0x0000000085400000, 0x0000000088480000, 0x00000000d7180000)
  object space 49664K, 19% used [0x0000000085400000,0x0000000085d87180,0x0000000088480000)
 Metaspace       used 27360K, capacity 28538K, committed 28848K, reserved 1075200K
  class space    used 3664K, capacity 3939K, committed 4016K, reserved 1048576K
GC Heap History (10 events):
Event: 1.416 GC heap after
Heap after GC invocations=5 (full 0):
 PSYoungGen      total 68608K, used 5103K [0x00000000d7180000, 0x00000000dfe80000, 0x0000000100000000)
  eden space 63488K, 0% used [0x00000000d7180000,0x00000000d7180000,0x00000000daf80000)
  from space 5120K, 99% used [0x00000000daf80000,0x00000000db47bd18,0x00000000db480000)
  to   space 8704K, 0% used [0x00000000df600000,0x00000000df600000,0x00000000dfe80000)
 ParOldGen       total 84992K, used 4600K [0x0000000085400000, 0x000000008a700000, 0x00000000d7180000)
  object space 84992K, 5% used [0x0000000085400000,0x000000008587e030,0x000000008a700000)
 Metaspace       used 17330K, capacity 17878K, committed 18048K, reserved 1064960K
  class space    used 2265K, capacity 2432K, committed 2432K, reserved 1048576K
}
Event: 1.522 GC heap before
{Heap before GC invocations=6 (full 0):
 PSYoungGen      total 68608K, used 41138K [0x00000000d7180000, 0x00000000dfe80000, 0x0000000100000000)
  eden space 63488K, 56% used [0x00000000d7180000,0x00000000d94b0e80,0x00000000daf80000)
  from space 5120K, 99% used [0x00000000daf80000,0x00000000db47bd18,0x00000000db480000)
  to   space 8704K, 0% used [0x00000000df600000,0x00000000df600000,0x00000000dfe80000)
 ParOldGen       total 84992K, used 4600K [0x0000000085400000, 0x000000008a700000, 0x00000000d7180000)
  object space 84992K, 5% used [0x0000000085400000,0x000000008587e030,0x000000008a700000)
 Metaspace       used 20620K, capacity 21222K, committed 21296K, reserved 1067008K
  class space    used 2650K, capacity 2826K, committed 2864K, reserved 1048576K
Event: 1.529 GC heap after
Heap after GC invocations=6 (full 0):
 PSYoungGen      total 134656K, used 8264K [0x00000000d7180000, 0x00000000e0080000, 0x0000000100000000)
  eden space 125952K, 0% used [0x00000000d7180000,0x00000000d7180000,0x00000000dec80000)
  from space 8704K, 94% used [0x00000000df600000,0x00000000dfe121a0,0x00000000dfe80000)
  to   space 9728K, 0% used [0x00000000dec80000,0x00000000dec80000,0x00000000df600000)
 ParOldGen       total 84992K, used 4608K [0x0000000085400000, 0x000000008a700000, 0x00000000d7180000)
  object space 84992K, 5% used [0x0000000085400000,0x0000000085880030,0x000000008a700000)
 Metaspace       used 20620K, capacity 21222K, committed 21296K, reserved 1067008K
  class space    used 2650K, capacity 2826K, committed 2864K, reserved 1048576K
}
Event: 1.529 GC heap before
{Heap before GC invocations=7 (full 1):
 PSYoungGen      total 134656K, used 8264K [0x00000000d7180000, 0x00000000e0080000, 0x0000000100000000)
  eden space 125952K, 0% used [0x00000000d7180000,0x00000000d7180000,0x00000000dec80000)
  from space 8704K, 94% used [0x00000000df600000,0x00000000dfe121a0,0x00000000dfe80000)
  to   space 9728K, 0% used [0x00000000dec80000,0x00000000dec80000,0x00000000df600000)
 ParOldGen       total 84992K, used 4608K [0x0000000085400000, 0x000000008a700000, 0x00000000d7180000)
  object space 84992K, 5% used [0x0000000085400000,0x0000000085880030,0x000000008a700000)
 Metaspace       used 20620K, capacity 21222K, committed 21296K, reserved 1067008K
  class space    used 2650K, capacity 2826K, committed 2864K, reserved 1048576K
Event: 1.552 GC heap after
Heap after GC invocations=7 (full 1):
 PSYoungGen      total 134656K, used 0K [0x00000000d7180000, 0x00000000e0080000, 0x0000000100000000)
  eden space 125952K, 0% used [0x00000000d7180000,0x00000000d7180000,0x00000000dec80000)
  from space 8704K, 0% used [0x00000000df600000,0x00000000df600000,0x00000000dfe80000)
  to   space 9728K, 0% used [0x00000000dec80000,0x00000000dec80000,0x00000000df600000)
 ParOldGen       total 49664K, used 8168K [0x0000000085400000, 0x0000000088480000, 0x00000000d7180000)
  object space 49664K, 16% used [0x0000000085400000,0x0000000085bfa1e0,0x0000000088480000)
 Metaspace       used 20620K, capacity 21222K, committed 21296K, reserved 1067008K
  class space    used 2650K, capacity 2826K, committed 2864K, reserved 1048576K
}
Event: 2.058 GC heap before
{Heap before GC invocations=8 (full 1):
 PSYoungGen      total 134656K, used 125952K [0x00000000d7180000, 0x00000000e0080000, 0x0000000100000000)
  eden space 125952K, 100% used [0x00000000d7180000,0x00000000dec80000,0x00000000dec80000)
  from space 8704K, 0% used [0x00000000df600000,0x00000000df600000,0x00000000dfe80000)
  to   space 9728K, 0% used [0x00000000dec80000,0x00000000dec80000,0x00000000df600000)
 ParOldGen       total 49664K, used 8168K [0x0000000085400000, 0x0000000088480000, 0x00000000d7180000)
  object space 49664K, 16% used [0x0000000085400000,0x0000000085bfa1e0,0x0000000088480000)
 Metaspace       used 24616K, capacity 25514K, committed 25776K, reserved 1071104K
  class space    used 3224K, capacity 3440K, committed 3504K, reserved 1048576K
Event: 2.064 GC heap after
Heap after GC invocations=8 (full 1):
 PSYoungGen      total 135680K, used 8921K [0x00000000d7180000, 0x00000000e5f80000, 0x0000000100000000)
  eden space 125952K, 0% used [0x00000000d7180000,0x00000000d7180000,0x00000000dec80000)
  from space 9728K, 91% used [0x00000000dec80000,0x00000000df536758,0x00000000df600000)
  to   space 10752K, 0% used [0x00000000e5500000,0x00000000e5500000,0x00000000e5f80000)
 ParOldGen       total 49664K, used 8240K [0x0000000085400000, 0x0000000088480000, 0x00000000d7180000)
  object space 49664K, 16% used [0x0000000085400000,0x0000000085c0c1f0,0x0000000088480000)
 Metaspace       used 24616K, capacity 25514K, committed 25776K, reserved 1071104K
  class space    used 3224K, capacity 3440K, committed 3504K, reserved 1048576K
}
Event: 2.269 GC heap before
{Heap before GC invocations=9 (full 1):
 PSYoungGen      total 135680K, used 134873K [0x00000000d7180000, 0x00000000e5f80000, 0x0000000100000000)
  eden space 125952K, 100% used [0x00000000d7180000,0x00000000dec80000,0x00000000dec80000)
  from space 9728K, 91% used [0x00000000dec80000,0x00000000df536758,0x00000000df600000)
  to   space 10752K, 0% used [0x00000000e5500000,0x00000000e5500000,0x00000000e5f80000)
 ParOldGen       total 49664K, used 8240K [0x0000000085400000, 0x0000000088480000, 0x00000000d7180000)
  object space 49664K, 16% used [0x0000000085400000,0x0000000085c0c1f0,0x0000000088480000)
 Metaspace       used 25066K, capacity 26060K, committed 26160K, reserved 1071104K
  class space    used 3289K, capacity 3550K, committed 3632K, reserved 1048576K
Event: 2.275 GC heap after
Heap after GC invocations=9 (full 1):
 PSYoungGen      total 228864K, used 8673K [0x00000000d7180000, 0x00000000e5e00000, 0x0000000100000000)
  eden space 219648K, 0% used [0x00000000d7180000,0x00000000d7180000,0x00000000e4800000)
  from space 9216K, 94% used [0x00000000e5500000,0x00000000e5d78570,0x00000000e5e00000)
  to   space 11264K, 0% used [0x00000000e4800000,0x00000000e4800000,0x00000000e5300000)
 ParOldGen       total 49664K, used 8248K [0x0000000085400000, 0x0000000088480000, 0x00000000d7180000)
  object space 49664K, 16% used [0x0000000085400000,0x0000000085c0e1f0,0x0000000088480000)
 Metaspace       used 25066K, capacity 26060K, committed 26160K, reserved 1071104K
  class space    used 3289K, capacity 3550K, committed 3632K, reserved 1048576K
}
Event: 6.904 GC heap before
{Heap before GC invocations=10 (full 1):
 PSYoungGen      total 228864K, used 228321K [0x00000000d7180000, 0x00000000e5e00000, 0x0000000100000000)
  eden space 219648K, 100% used [0x00000000d7180000,0x00000000e4800000,0x00000000e4800000)
  from space 9216K, 94% used [0x00000000e5500000,0x00000000e5d78570,0x00000000e5e00000)
  to   space 11264K, 0% used [0x00000000e4800000,0x00000000e4800000,0x00000000e5300000)
 ParOldGen       total 49664K, used 8248K [0x0000000085400000, 0x0000000088480000, 0x00000000d7180000)
  object space 49664K, 16% used [0x0000000085400000,0x0000000085c0e1f0,0x0000000088480000)
 Metaspace       used 27360K, capacity 28538K, committed 28848K, reserved 1075200K
  class space    used 3664K, capacity 3939K, committed 4016K, reserved 1048576K

